<?xml version="1.0" encoding="UTF-8"?>
<coverage generated="1434314556">
  <project timestamp="1434314556">
    <package name="N8G\Utils">
      <file name="/Users/NickGreen/Documents/workspace/utils/src/Config.php">
        <class name="Config" namespace="N8G\Utils">
          <metrics methods="8" coveredmethods="6" conditionals="0" coveredconditionals="0" statements="38" coveredstatements="35" elements="46" coveredelements="41"/>
        </class>
        <line num="34" type="method" name="init" crap="2" count="1"/>
        <line num="36" type="stmt" count="1"/>
        <line num="39" type="stmt" count="1"/>
        <line num="40" type="stmt" count="1"/>
        <line num="41" type="stmt" count="1"/>
        <line num="44" type="stmt" count="1"/>
        <line num="47" type="stmt" count="1"/>
        <line num="58" type="method" name="setItem" crap="1" count="15"/>
        <line num="60" type="stmt" count="15"/>
        <line num="62" type="stmt" count="15"/>
        <line num="63" type="stmt" count="15"/>
        <line num="72" type="method" name="getItem" crap="2" count="10"/>
        <line num="74" type="stmt" count="10"/>
        <line num="76" type="stmt" count="10"/>
        <line num="78" type="stmt" count="5"/>
        <line num="80" type="stmt" count="5"/>
        <line num="91" type="method" name="inConfig" crap="2" count="15"/>
        <line num="93" type="stmt" count="15"/>
        <line num="95" type="stmt" count="15"/>
        <line num="96" type="stmt" count="10"/>
        <line num="99" type="stmt" count="10"/>
        <line num="107" type="method" name="clear" crap="1" count="46"/>
        <line num="109" type="stmt" count="46"/>
        <line num="110" type="stmt" count="46"/>
        <line num="119" type="method" name="__callStatic" crap="7.08" count="30"/>
        <line num="121" type="stmt" count="30"/>
        <line num="124" type="stmt" count="30"/>
        <line num="125" type="stmt" count="30"/>
        <line num="126" type="stmt" count="30"/>
        <line num="127" type="stmt" count="30"/>
        <line num="128" type="stmt" count="0"/>
        <line num="129" type="stmt" count="0"/>
        <line num="131" type="stmt" count="30"/>
        <line num="132" type="stmt" count="30"/>
        <line num="134" type="stmt" count="30"/>
        <line num="136" type="stmt" count="10"/>
        <line num="137" type="stmt" count="5"/>
        <line num="139" type="stmt" count="5"/>
        <line num="143" type="stmt" count="20"/>
        <line num="145" type="stmt" count="15"/>
        <line num="147" type="stmt" count="15"/>
        <line num="151" type="stmt" count="5"/>
        <line num="161" type="method" name="getData" crap="1" count="16"/>
        <line num="164" type="stmt" count="16"/>
        <line num="172" type="method" name="size" crap="2" count="0"/>
        <line num="175" type="stmt" count="0"/>
        <metrics loc="176" ncloc="71" classes="1" methods="8" coveredmethods="6" conditionals="0" coveredconditionals="0" statements="38" coveredstatements="35" elements="46" coveredelements="41"/>
      </file>
      <file name="/Users/NickGreen/Documents/workspace/utils/src/Json.php">
        <class name="Json" namespace="N8G\Utils">
          <metrics methods="4" coveredmethods="2" conditionals="0" coveredconditionals="0" statements="35" coveredstatements="32" elements="39" coveredelements="34"/>
        </class>
        <line num="22" type="method" name="fileExists" crap="2" count="10"/>
        <line num="24" type="stmt" count="10"/>
        <line num="26" type="stmt" count="10"/>
        <line num="27" type="stmt" count="8"/>
        <line num="28" type="stmt" count="8"/>
        <line num="31" type="stmt" count="2"/>
        <line num="32" type="stmt" count="2"/>
        <line num="45" type="method" name="readFile" crap="5.01" count="6"/>
        <line num="47" type="stmt" count="6"/>
        <line num="50" type="stmt" count="6"/>
        <line num="51" type="stmt" count="1"/>
        <line num="55" type="stmt" count="5"/>
        <line num="56" type="stmt" count="1"/>
        <line num="57" type="stmt" count="1"/>
        <line num="61" type="stmt" count="4"/>
        <line num="62" type="stmt" count="0"/>
        <line num="65" type="stmt" count="4"/>
        <line num="66" type="stmt" count="4"/>
        <line num="69" type="stmt" count="4"/>
        <line num="70" type="stmt" count="2"/>
        <line num="73" type="stmt" count="2"/>
        <line num="74" type="stmt" count="2"/>
        <line num="86" type="method" name="writeToFile" crap="6.22" count="7"/>
        <line num="88" type="stmt" count="7"/>
        <line num="91" type="stmt" count="7"/>
        <line num="92" type="stmt" count="2"/>
        <line num="96" type="stmt" count="5"/>
        <line num="97" type="stmt" count="0"/>
        <line num="99" type="stmt" count="5"/>
        <line num="102" type="stmt" count="5"/>
        <line num="104" type="stmt" count="0"/>
        <line num="106" type="stmt" count="5"/>
        <line num="109" type="stmt" count="5"/>
        <line num="110" type="stmt" count="5"/>
        <line num="120" type="method" name="validate" crap="4" count="23"/>
        <line num="123" type="stmt" count="23"/>
        <line num="126" type="stmt" count="23"/>
        <line num="128" type="stmt" count="11"/>
        <line num="132" type="stmt" count="12"/>
        <metrics loc="133" ncloc="67" classes="1" methods="4" coveredmethods="2" conditionals="0" coveredconditionals="0" statements="35" coveredstatements="32" elements="39" coveredelements="34"/>
      </file>
      <file name="/Users/NickGreen/Documents/workspace/utils/src/Log.php">
        <class name="Log" namespace="N8G\Utils">
          <metrics methods="16" coveredmethods="10" conditionals="0" coveredconditionals="0" statements="91" coveredstatements="75" elements="107" coveredelements="85"/>
        </class>
        <line num="48" type="method" name="__construct" crap="2" count="0"/>
        <line num="51" type="stmt" count="0"/>
        <line num="52" type="stmt" count="0"/>
        <line num="57" type="method" name="__destruct" crap="6" count="0"/>
        <line num="59" type="stmt" count="0"/>
        <line num="60" type="stmt" count="0"/>
        <line num="61" type="stmt" count="0"/>
        <line num="62" type="stmt" count="0"/>
        <line num="72" type="method" name="init" crap="4.25" count="114"/>
        <line num="74" type="stmt" count="114"/>
        <line num="76" type="stmt" count="114"/>
        <line num="77" type="stmt" count="0"/>
        <line num="78" type="stmt" count="0"/>
        <line num="81" type="stmt" count="114"/>
        <line num="82" type="stmt" count="1"/>
        <line num="83" type="stmt" count="1"/>
        <line num="86" type="stmt" count="114"/>
        <line num="98" type="method" name="createFile" crap="9.23" count="1"/>
        <line num="101" type="stmt" count="1"/>
        <line num="102" type="stmt" count="1"/>
        <line num="103" type="stmt" count="1"/>
        <line num="106" type="stmt" count="1"/>
        <line num="107" type="stmt" count="1"/>
        <line num="109" type="stmt" count="0"/>
        <line num="111" type="stmt" count="1"/>
        <line num="114" type="stmt" count="1"/>
        <line num="116" type="stmt" count="0"/>
        <line num="118" type="stmt" count="0"/>
        <line num="120" type="stmt" count="0"/>
        <line num="123" type="stmt" count="1"/>
        <line num="124" type="stmt" count="0"/>
        <line num="126" type="stmt" count="1"/>
        <line num="137" type="method" name="writeToFile" crap="7.01" count="112"/>
        <line num="140" type="stmt" count="112"/>
        <line num="143" type="stmt" count="112"/>
        <line num="144" type="stmt" count="7"/>
        <line num="145" type="stmt" count="112"/>
        <line num="146" type="stmt" count="7"/>
        <line num="147" type="stmt" count="105"/>
        <line num="148" type="stmt" count="7"/>
        <line num="149" type="stmt" count="7"/>
        <line num="151" type="stmt" count="112"/>
        <line num="152" type="stmt" count="112"/>
        <line num="153" type="stmt" count="112"/>
        <line num="154" type="stmt" count="112"/>
        <line num="155" type="stmt" count="112"/>
        <line num="156" type="stmt" count="112"/>
        <line num="158" type="stmt" count="112"/>
        <line num="159" type="stmt" count="112"/>
        <line num="160" type="stmt" count="0"/>
        <line num="162" type="stmt" count="112"/>
        <line num="163" type="stmt" count="112"/>
        <line num="172" type="method" name="getCategory" crap="8" count="112"/>
        <line num="175" type="stmt" count="112"/>
        <line num="176" type="stmt" count="7"/>
        <line num="177" type="stmt" count="7"/>
        <line num="178" type="stmt" count="105"/>
        <line num="179" type="stmt" count="10"/>
        <line num="180" type="stmt" count="10"/>
        <line num="181" type="stmt" count="98"/>
        <line num="182" type="stmt" count="7"/>
        <line num="183" type="stmt" count="7"/>
        <line num="184" type="stmt" count="91"/>
        <line num="185" type="stmt" count="47"/>
        <line num="186" type="stmt" count="47"/>
        <line num="187" type="stmt" count="68"/>
        <line num="188" type="stmt" count="51"/>
        <line num="189" type="stmt" count="51"/>
        <line num="190" type="stmt" count="27"/>
        <line num="191" type="stmt" count="7"/>
        <line num="192" type="stmt" count="7"/>
        <line num="193" type="stmt" count="20"/>
        <line num="194" type="stmt" count="20"/>
        <line num="195" type="stmt" count="20"/>
        <line num="197" type="stmt" count="112"/>
        <line num="206" type="method" name="fatal" crap="1" count="7"/>
        <line num="208" type="stmt" count="7"/>
        <line num="209" type="stmt" count="7"/>
        <line num="217" type="method" name="error" crap="1" count="10"/>
        <line num="219" type="stmt" count="10"/>
        <line num="220" type="stmt" count="10"/>
        <line num="228" type="method" name="warn" crap="1" count="7"/>
        <line num="230" type="stmt" count="7"/>
        <line num="231" type="stmt" count="7"/>
        <line num="239" type="method" name="notice" crap="1" count="47"/>
        <line num="241" type="stmt" count="47"/>
        <line num="242" type="stmt" count="47"/>
        <line num="250" type="method" name="info" crap="1" count="51"/>
        <line num="252" type="stmt" count="51"/>
        <line num="253" type="stmt" count="51"/>
        <line num="261" type="method" name="debug" crap="1" count="7"/>
        <line num="263" type="stmt" count="7"/>
        <line num="264" type="stmt" count="7"/>
        <line num="272" type="method" name="success" crap="1" count="20"/>
        <line num="274" type="stmt" count="20"/>
        <line num="275" type="stmt" count="20"/>
        <line num="283" type="method" name="custom" crap="2" count="0"/>
        <line num="285" type="stmt" count="0"/>
        <line num="286" type="stmt" count="0"/>
        <line num="293" type="method" name="reset" crap="2" count="2"/>
        <line num="296" type="stmt" count="2"/>
        <line num="297" type="stmt" count="2"/>
        <line num="298" type="stmt" count="2"/>
        <line num="300" type="stmt" count="2"/>
        <line num="301" type="stmt" count="2"/>
        <line num="310" type="method" name="getFile" crap="1" count="1"/>
        <line num="312" type="stmt" count="1"/>
        <metrics loc="313" ncloc="162" classes="1" methods="16" coveredmethods="10" conditionals="0" coveredconditionals="0" statements="91" coveredstatements="75" elements="107" coveredelements="85"/>
      </file>
      <file name="/Users/NickGreen/Documents/workspace/utils/src/Validation.php">
        <class name="Validation" namespace="N8G\Utils">
          <metrics methods="2" coveredmethods="2" conditionals="0" coveredconditionals="0" statements="40" coveredstatements="40" elements="42" coveredelements="42"/>
        </class>
        <line num="19" type="method" name="isEmail" crap="2" count="10"/>
        <line num="21" type="stmt" count="10"/>
        <line num="23" type="stmt" count="5"/>
        <line num="27" type="stmt" count="5"/>
        <line num="38" type="method" name="isDate" crap="19" count="84"/>
        <line num="42" type="stmt" count="84"/>
        <line num="43" type="stmt" count="14"/>
        <line num="44" type="stmt" count="14"/>
        <line num="45" type="stmt" count="70"/>
        <line num="46" type="stmt" count="14"/>
        <line num="47" type="stmt" count="14"/>
        <line num="48" type="stmt" count="56"/>
        <line num="49" type="stmt" count="14"/>
        <line num="50" type="stmt" count="14"/>
        <line num="51" type="stmt" count="42"/>
        <line num="52" type="stmt" count="14"/>
        <line num="53" type="stmt" count="14"/>
        <line num="54" type="stmt" count="28"/>
        <line num="55" type="stmt" count="14"/>
        <line num="56" type="stmt" count="14"/>
        <line num="57" type="stmt" count="14"/>
        <line num="58" type="stmt" count="14"/>
        <line num="59" type="stmt" count="14"/>
        <line num="63" type="stmt" count="84"/>
        <line num="66" type="stmt" count="84"/>
        <line num="68" type="stmt" count="30"/>
        <line num="72" type="stmt" count="54"/>
        <line num="73" type="stmt" count="54"/>
        <line num="74" type="stmt" count="54"/>
        <line num="77" type="stmt" count="54"/>
        <line num="79" type="stmt" count="12"/>
        <line num="83" type="stmt" count="42"/>
        <line num="84" type="stmt" count="42"/>
        <line num="85" type="stmt" count="30"/>
        <line num="86" type="stmt" count="30"/>
        <line num="87" type="stmt" count="30"/>
        <line num="88" type="stmt" count="30"/>
        <line num="89" type="stmt" count="18"/>
        <line num="90" type="stmt" count="42"/>
        <line num="91" type="stmt" count="42"/>
        <line num="93" type="stmt" count="24"/>
        <line num="97" type="stmt" count="18"/>
        <metrics loc="98" ncloc="53" classes="1" methods="2" coveredmethods="2" conditionals="0" coveredconditionals="0" statements="40" coveredstatements="40" elements="42" coveredelements="42"/>
      </file>
    </package>
    <package name="N8G\Utils\Exceptions">
      <file name="/Users/NickGreen/Documents/workspace/utils/src/Exceptions/ConfigException.php">
        <class name="ConfigException" namespace="N8G\Utils\Exceptions">
          <metrics methods="1" coveredmethods="1" conditionals="0" coveredconditionals="0" statements="2" coveredstatements="2" elements="3" coveredelements="3"/>
        </class>
        <line num="18" type="method" name="__construct" crap="1" count="15"/>
        <line num="20" type="stmt" count="15"/>
        <line num="21" type="stmt" count="15"/>
        <metrics loc="21" ncloc="9" classes="1" methods="1" coveredmethods="1" conditionals="0" coveredconditionals="0" statements="2" coveredstatements="2" elements="3" coveredelements="3"/>
      </file>
      <file name="/Users/NickGreen/Documents/workspace/utils/src/Exceptions/ExceptionAbstract.php">
        <class name="ExceptionAbstract" namespace="N8G\Utils\Exceptions">
          <metrics methods="2" coveredmethods="1" conditionals="0" coveredconditionals="0" statements="33" coveredstatements="2" elements="35" coveredelements="3"/>
        </class>
        <line num="22" type="method" name="__construct" crap="1" count="21"/>
        <line num="24" type="stmt" count="21"/>
        <line num="25" type="stmt" count="21"/>
        <line num="34" type="method" name="log" crap="56" count="0"/>
        <line num="37" type="stmt" count="0"/>
        <line num="38" type="stmt" count="0"/>
        <line num="39" type="stmt" count="0"/>
        <line num="40" type="stmt" count="0"/>
        <line num="41" type="stmt" count="0"/>
        <line num="42" type="stmt" count="0"/>
        <line num="43" type="stmt" count="0"/>
        <line num="44" type="stmt" count="0"/>
        <line num="45" type="stmt" count="0"/>
        <line num="46" type="stmt" count="0"/>
        <line num="48" type="stmt" count="0"/>
        <line num="49" type="stmt" count="0"/>
        <line num="50" type="stmt" count="0"/>
        <line num="51" type="stmt" count="0"/>
        <line num="52" type="stmt" count="0"/>
        <line num="53" type="stmt" count="0"/>
        <line num="54" type="stmt" count="0"/>
        <line num="55" type="stmt" count="0"/>
        <line num="56" type="stmt" count="0"/>
        <line num="57" type="stmt" count="0"/>
        <line num="58" type="stmt" count="0"/>
        <line num="59" type="stmt" count="0"/>
        <line num="60" type="stmt" count="0"/>
        <line num="61" type="stmt" count="0"/>
        <line num="62" type="stmt" count="0"/>
        <line num="63" type="stmt" count="0"/>
        <line num="64" type="stmt" count="0"/>
        <line num="65" type="stmt" count="0"/>
        <line num="66" type="stmt" count="0"/>
        <line num="67" type="stmt" count="0"/>
        <line num="68" type="stmt" count="0"/>
        <metrics loc="68" ncloc="45" classes="1" methods="2" coveredmethods="1" conditionals="0" coveredconditionals="0" statements="33" coveredstatements="2" elements="35" coveredelements="3"/>
      </file>
      <file name="/Users/NickGreen/Documents/workspace/utils/src/Exceptions/JsonException.php">
        <class name="JsonException" namespace="N8G\Utils\Exceptions">
          <metrics methods="1" coveredmethods="1" conditionals="0" coveredconditionals="0" statements="2" coveredstatements="2" elements="3" coveredelements="3"/>
        </class>
        <line num="18" type="method" name="__construct" crap="1" count="6"/>
        <line num="20" type="stmt" count="6"/>
        <line num="21" type="stmt" count="6"/>
        <metrics loc="21" ncloc="9" classes="1" methods="1" coveredmethods="1" conditionals="0" coveredconditionals="0" statements="2" coveredstatements="2" elements="3" coveredelements="3"/>
      </file>
      <file name="/Users/NickGreen/Documents/workspace/utils/src/Exceptions/LogException.php">
        <class name="LogException" namespace="N8G\Utils\Exceptions">
          <metrics methods="1" coveredmethods="0" conditionals="0" coveredconditionals="0" statements="2" coveredstatements="0" elements="3" coveredelements="0"/>
        </class>
        <line num="18" type="method" name="__construct" crap="2" count="0"/>
        <line num="20" type="stmt" count="0"/>
        <line num="21" type="stmt" count="0"/>
        <metrics loc="21" ncloc="9" classes="1" methods="1" coveredmethods="0" conditionals="0" coveredconditionals="0" statements="2" coveredstatements="0" elements="3" coveredelements="0"/>
      </file>
    </package>
    <metrics files="8" loc="851" ncloc="425" classes="8" methods="35" coveredmethods="23" conditionals="0" coveredconditionals="0" statements="243" coveredstatements="188" elements="278" coveredelements="211"/>
  </project>
</coverage>
