<?xml version="1.0" encoding="UTF-8"?>
<coverage generated="1461616938">
  <project timestamp="1461616938">
    <package name="N8G\Utils">
      <file name="/Users/NickGreen/workspace/code/utils/src/Config.php">
        <class name="Config" namespace="N8G\Utils">
          <metrics methods="7" coveredmethods="7" conditionals="0" coveredconditionals="0" statements="28" coveredstatements="28" elements="35" coveredelements="35"/>
        </class>
        <line num="28" type="method" name="setItem" crap="1" count="15"/>
        <line num="31" type="stmt" count="15"/>
        <line num="32" type="stmt" count="15"/>
        <line num="41" type="method" name="getItem" crap="2" count="10"/>
        <line num="44" type="stmt" count="10"/>
        <line num="46" type="stmt" count="5"/>
        <line num="48" type="stmt" count="5"/>
        <line num="59" type="method" name="inConfig" crap="2" count="15"/>
        <line num="62" type="stmt" count="15"/>
        <line num="63" type="stmt" count="10"/>
        <line num="66" type="stmt" count="10"/>
        <line num="74" type="method" name="clear" crap="1" count="10"/>
        <line num="76" type="stmt" count="10"/>
        <line num="77" type="stmt" count="10"/>
        <line num="86" type="method" name="__call" crap="7" count="32"/>
        <line num="89" type="stmt" count="32"/>
        <line num="90" type="stmt" count="32"/>
        <line num="91" type="stmt" count="32"/>
        <line num="92" type="stmt" count="32"/>
        <line num="93" type="stmt" count="2"/>
        <line num="94" type="stmt" count="2"/>
        <line num="96" type="stmt" count="32"/>
        <line num="97" type="stmt" count="32"/>
        <line num="99" type="stmt" count="32"/>
        <line num="101" type="stmt" count="10"/>
        <line num="102" type="stmt" count="5"/>
        <line num="104" type="stmt" count="5"/>
        <line num="108" type="stmt" count="22"/>
        <line num="110" type="stmt" count="17"/>
        <line num="112" type="stmt" count="17"/>
        <line num="116" type="stmt" count="5"/>
        <line num="126" type="method" name="getData" crap="1" count="16"/>
        <line num="129" type="stmt" count="16"/>
        <line num="137" type="method" name="size" crap="1" count="1"/>
        <line num="140" type="stmt" count="1"/>
        <metrics loc="141" ncloc="54" classes="1" methods="7" coveredmethods="7" conditionals="0" coveredconditionals="0" statements="28" coveredstatements="28" elements="35" coveredelements="35"/>
      </file>
      <file name="/Users/NickGreen/workspace/code/utils/src/Json.php">
        <class name="Json" namespace="N8G\Utils">
          <metrics methods="4" coveredmethods="4" conditionals="0" coveredconditionals="0" statements="26" coveredstatements="26" elements="30" coveredelements="30"/>
        </class>
        <line num="22" type="method" name="fileExists" crap="2" count="10"/>
        <line num="24" type="stmt" count="10"/>
        <line num="25" type="stmt" count="8"/>
        <line num="28" type="stmt" count="2"/>
        <line num="41" type="method" name="readFile" crap="5" count="6"/>
        <line num="44" type="stmt" count="6"/>
        <line num="45" type="stmt" count="1"/>
        <line num="49" type="stmt" count="5"/>
        <line num="50" type="stmt" count="1"/>
        <line num="54" type="stmt" count="4"/>
        <line num="55" type="stmt" count="1"/>
        <line num="58" type="stmt" count="3"/>
        <line num="59" type="stmt" count="3"/>
        <line num="62" type="stmt" count="3"/>
        <line num="63" type="stmt" count="1"/>
        <line num="66" type="stmt" count="2"/>
        <line num="78" type="method" name="writeToFile" crap="6" count="9"/>
        <line num="81" type="stmt" count="9"/>
        <line num="82" type="stmt" count="2"/>
        <line num="86" type="stmt" count="7"/>
        <line num="87" type="stmt" count="1"/>
        <line num="91" type="stmt" count="6"/>
        <line num="93" type="stmt" count="1"/>
        <line num="97" type="stmt" count="5"/>
        <line num="98" type="stmt" count="5"/>
        <line num="108" type="method" name="validate" crap="4" count="24"/>
        <line num="111" type="stmt" count="24"/>
        <line num="114" type="stmt" count="24"/>
        <line num="116" type="stmt" count="13"/>
        <line num="120" type="stmt" count="11"/>
        <metrics loc="121" ncloc="55" classes="1" methods="4" coveredmethods="4" conditionals="0" coveredconditionals="0" statements="26" coveredstatements="26" elements="30" coveredelements="30"/>
      </file>
      <file name="/Users/NickGreen/workspace/code/utils/src/Log.php">
        <class name="Log" namespace="N8G\Utils">
          <metrics methods="16" coveredmethods="16" conditionals="0" coveredconditionals="0" statements="97" coveredstatements="97" elements="113" coveredelements="113"/>
        </class>
        <line num="63" type="method" name="init" crap="4" count="8"/>
        <line num="65" type="stmt" count="8"/>
        <line num="68" type="stmt" count="8"/>
        <line num="69" type="stmt" count="8"/>
        <line num="70" type="stmt" count="8"/>
        <line num="73" type="stmt" count="8"/>
        <line num="74" type="stmt" count="1"/>
        <line num="75" type="stmt" count="1"/>
        <line num="76" type="stmt" count="7"/>
        <line num="78" type="stmt" count="8"/>
        <line num="91" type="method" name="createFile" crap="6" count="11"/>
        <line num="94" type="stmt" count="11"/>
        <line num="95" type="stmt" count="2"/>
        <line num="96" type="stmt" count="2"/>
        <line num="99" type="stmt" count="11"/>
        <line num="100" type="stmt" count="3"/>
        <line num="102" type="stmt" count="1"/>
        <line num="104" type="stmt" count="2"/>
        <line num="107" type="stmt" count="10"/>
        <line num="109" type="stmt" count="1"/>
        <line num="113" type="stmt" count="9"/>
        <line num="114" type="stmt" count="1"/>
        <line num="116" type="stmt" count="8"/>
        <line num="126" type="method" name="composeLog" crap="7" count="60"/>
        <line num="129" type="stmt" count="60"/>
        <line num="130" type="stmt" count="8"/>
        <line num="131" type="stmt" count="60"/>
        <line num="132" type="stmt" count="8"/>
        <line num="133" type="stmt" count="52"/>
        <line num="134" type="stmt" count="8"/>
        <line num="135" type="stmt" count="8"/>
        <line num="137" type="stmt" count="60"/>
        <line num="138" type="stmt" count="53"/>
        <line num="139" type="stmt" count="53"/>
        <line num="140" type="stmt" count="53"/>
        <line num="141" type="stmt" count="53"/>
        <line num="142" type="stmt" count="53"/>
        <line num="143" type="stmt" count="53"/>
        <line num="145" type="stmt" count="53"/>
        <line num="146" type="stmt" count="53"/>
        <line num="147" type="stmt" count="7"/>
        <line num="151" type="stmt" count="60"/>
        <line num="162" type="method" name="writeToFile" crap="2" count="60"/>
        <line num="165" type="stmt" count="60"/>
        <line num="166" type="stmt" count="60"/>
        <line num="167" type="stmt" count="60"/>
        <line num="168" type="stmt" count="60"/>
        <line num="177" type="method" name="getCategory" crap="8" count="54"/>
        <line num="180" type="stmt" count="54"/>
        <line num="181" type="stmt" count="10"/>
        <line num="182" type="stmt" count="10"/>
        <line num="183" type="stmt" count="47"/>
        <line num="184" type="stmt" count="10"/>
        <line num="185" type="stmt" count="10"/>
        <line num="186" type="stmt" count="40"/>
        <line num="187" type="stmt" count="9"/>
        <line num="188" type="stmt" count="9"/>
        <line num="189" type="stmt" count="32"/>
        <line num="190" type="stmt" count="9"/>
        <line num="191" type="stmt" count="9"/>
        <line num="192" type="stmt" count="24"/>
        <line num="193" type="stmt" count="9"/>
        <line num="194" type="stmt" count="9"/>
        <line num="195" type="stmt" count="16"/>
        <line num="196" type="stmt" count="9"/>
        <line num="197" type="stmt" count="9"/>
        <line num="198" type="stmt" count="8"/>
        <line num="199" type="stmt" count="8"/>
        <line num="200" type="stmt" count="8"/>
        <line num="201" type="stmt" count="1"/>
        <line num="202" type="stmt" count="1"/>
        <line num="204" type="stmt" count="1"/>
        <line num="205" type="stmt" count="54"/>
        <line num="213" type="method" name="getRemoteIp" crap="5" count="53"/>
        <line num="216" type="stmt" count="53"/>
        <line num="219" type="stmt" count="53"/>
        <line num="221" type="stmt" count="53"/>
        <line num="222" type="stmt" count="53"/>
        <line num="223" type="stmt" count="53"/>
        <line num="224" type="stmt" count="53"/>
        <line num="227" type="stmt" count="53"/>
        <line num="238" type="method" name="fatal" crap="1" count="9"/>
        <line num="240" type="stmt" count="9"/>
        <line num="241" type="stmt" count="9"/>
        <line num="249" type="method" name="error" crap="1" count="9"/>
        <line num="251" type="stmt" count="9"/>
        <line num="252" type="stmt" count="9"/>
        <line num="260" type="method" name="warn" crap="1" count="8"/>
        <line num="262" type="stmt" count="8"/>
        <line num="263" type="stmt" count="8"/>
        <line num="271" type="method" name="notice" crap="1" count="8"/>
        <line num="273" type="stmt" count="8"/>
        <line num="274" type="stmt" count="8"/>
        <line num="282" type="method" name="info" crap="1" count="8"/>
        <line num="284" type="stmt" count="8"/>
        <line num="285" type="stmt" count="8"/>
        <line num="293" type="method" name="debug" crap="1" count="8"/>
        <line num="295" type="stmt" count="8"/>
        <line num="296" type="stmt" count="8"/>
        <line num="304" type="method" name="success" crap="1" count="7"/>
        <line num="306" type="stmt" count="7"/>
        <line num="307" type="stmt" count="7"/>
        <line num="315" type="method" name="custom" crap="1" count="7"/>
        <line num="317" type="stmt" count="7"/>
        <line num="318" type="stmt" count="7"/>
        <line num="325" type="method" name="reset" crap="4" count="2"/>
        <line num="328" type="stmt" count="2"/>
        <line num="329" type="stmt" count="2"/>
        <line num="330" type="stmt" count="2"/>
        <line num="332" type="stmt" count="2"/>
        <line num="333" type="stmt" count="2"/>
        <line num="342" type="method" name="getFile" crap="1" count="2"/>
        <line num="344" type="stmt" count="2"/>
        <metrics loc="345" ncloc="176" classes="1" methods="16" coveredmethods="16" conditionals="0" coveredconditionals="0" statements="97" coveredstatements="97" elements="113" coveredelements="113"/>
      </file>
      <file name="/Users/NickGreen/workspace/code/utils/src/Validation.php">
        <class name="Validation" namespace="N8G\Utils">
          <metrics methods="2" coveredmethods="2" conditionals="0" coveredconditionals="0" statements="40" coveredstatements="40" elements="42" coveredelements="42"/>
        </class>
        <line num="19" type="method" name="isEmail" crap="2" count="10"/>
        <line num="21" type="stmt" count="10"/>
        <line num="23" type="stmt" count="5"/>
        <line num="27" type="stmt" count="5"/>
        <line num="38" type="method" name="isDate" crap="19" count="84"/>
        <line num="42" type="stmt" count="84"/>
        <line num="43" type="stmt" count="14"/>
        <line num="44" type="stmt" count="14"/>
        <line num="45" type="stmt" count="70"/>
        <line num="46" type="stmt" count="14"/>
        <line num="47" type="stmt" count="14"/>
        <line num="48" type="stmt" count="56"/>
        <line num="49" type="stmt" count="14"/>
        <line num="50" type="stmt" count="14"/>
        <line num="51" type="stmt" count="42"/>
        <line num="52" type="stmt" count="14"/>
        <line num="53" type="stmt" count="14"/>
        <line num="54" type="stmt" count="28"/>
        <line num="55" type="stmt" count="14"/>
        <line num="56" type="stmt" count="14"/>
        <line num="57" type="stmt" count="14"/>
        <line num="58" type="stmt" count="14"/>
        <line num="59" type="stmt" count="14"/>
        <line num="63" type="stmt" count="84"/>
        <line num="66" type="stmt" count="84"/>
        <line num="68" type="stmt" count="30"/>
        <line num="72" type="stmt" count="54"/>
        <line num="73" type="stmt" count="54"/>
        <line num="74" type="stmt" count="54"/>
        <line num="77" type="stmt" count="54"/>
        <line num="79" type="stmt" count="12"/>
        <line num="83" type="stmt" count="42"/>
        <line num="84" type="stmt" count="42"/>
        <line num="85" type="stmt" count="30"/>
        <line num="86" type="stmt" count="30"/>
        <line num="87" type="stmt" count="30"/>
        <line num="88" type="stmt" count="30"/>
        <line num="89" type="stmt" count="18"/>
        <line num="90" type="stmt" count="42"/>
        <line num="91" type="stmt" count="42"/>
        <line num="93" type="stmt" count="24"/>
        <line num="97" type="stmt" count="18"/>
        <metrics loc="98" ncloc="53" classes="1" methods="2" coveredmethods="2" conditionals="0" coveredconditionals="0" statements="40" coveredstatements="40" elements="42" coveredelements="42"/>
      </file>
    </package>
    <package name="N8G\Utils\Exceptions">
      <file name="/Users/NickGreen/workspace/code/utils/src/Exceptions/ConfigException.php">
        <class name="ConfigException" namespace="N8G\Utils\Exceptions">
          <metrics methods="1" coveredmethods="1" conditionals="0" coveredconditionals="0" statements="2" coveredstatements="2" elements="3" coveredelements="3"/>
        </class>
        <line num="18" type="method" name="__construct" crap="1" count="17"/>
        <line num="20" type="stmt" count="17"/>
        <line num="21" type="stmt" count="17"/>
        <metrics loc="21" ncloc="9" classes="1" methods="1" coveredmethods="1" conditionals="0" coveredconditionals="0" statements="2" coveredstatements="2" elements="3" coveredelements="3"/>
      </file>
      <file name="/Users/NickGreen/workspace/code/utils/src/Exceptions/ExceptionAbstract.php">
        <class name="ExceptionAbstract" namespace="N8G\Utils\Exceptions">
          <metrics methods="1" coveredmethods="1" conditionals="0" coveredconditionals="0" statements="2" coveredstatements="2" elements="3" coveredelements="3"/>
        </class>
        <line num="20" type="method" name="__construct" crap="1" count="33"/>
        <line num="22" type="stmt" count="33"/>
        <line num="23" type="stmt" count="33"/>
        <metrics loc="23" ncloc="9" classes="1" methods="1" coveredmethods="1" conditionals="0" coveredconditionals="0" statements="2" coveredstatements="2" elements="3" coveredelements="3"/>
      </file>
      <file name="/Users/NickGreen/workspace/code/utils/src/Exceptions/JsonException.php">
        <class name="JsonException" namespace="N8G\Utils\Exceptions">
          <metrics methods="1" coveredmethods="1" conditionals="0" coveredconditionals="0" statements="2" coveredstatements="2" elements="3" coveredelements="3"/>
        </class>
        <line num="18" type="method" name="__construct" crap="1" count="10"/>
        <line num="20" type="stmt" count="10"/>
        <line num="21" type="stmt" count="10"/>
        <metrics loc="21" ncloc="9" classes="1" methods="1" coveredmethods="1" conditionals="0" coveredconditionals="0" statements="2" coveredstatements="2" elements="3" coveredelements="3"/>
      </file>
      <file name="/Users/NickGreen/workspace/code/utils/src/Exceptions/LogException.php">
        <class name="LogException" namespace="N8G\Utils\Exceptions">
          <metrics methods="1" coveredmethods="1" conditionals="0" coveredconditionals="0" statements="2" coveredstatements="2" elements="3" coveredelements="3"/>
        </class>
        <line num="18" type="method" name="__construct" crap="1" count="6"/>
        <line num="20" type="stmt" count="6"/>
        <line num="21" type="stmt" count="6"/>
        <metrics loc="21" ncloc="9" classes="1" methods="1" coveredmethods="1" conditionals="0" coveredconditionals="0" statements="2" coveredstatements="2" elements="3" coveredelements="3"/>
      </file>
    </package>
    <metrics files="8" loc="791" ncloc="374" classes="8" methods="33" coveredmethods="33" conditionals="0" coveredconditionals="0" statements="199" coveredstatements="199" elements="232" coveredelements="232"/>
  </project>
</coverage>
